<?xml version="1.0" encoding="UTF-8"?>
<!-- Generated by org.testng.reporters.JUnitReportReporter -->
<testsuite hostname="LQA-QUNOOTAHMED" failures="0" tests="2" name="com.demo.testcases.SignupPageTest" time="8.176" errors="0" timestamp="2023-05-21T02:07:33 PKT" skipped="0">
  <testcase classname="com.demo.testcases.SignupPageTest" name="validateSignupTitle" time="3.586"/>
  <system-out/>
  <testcase classname="com.demo.testcases.SignupPageTest" name="registerForNewAccount" time="4.590"/>
  <system-out/>
</testsuite> <!-- com.demo.testcases.SignupPageTest -->
