<?xml version="1.0" encoding="UTF-8"?>
<!-- Generated by org.testng.reporters.JUnitReportReporter -->
<testsuite hostname="LQA-QUNOOTAHMED" failures="0" tests="2" name="com.demo.testcases.LoginPageTest" time="9.257" errors="0" timestamp="2023-05-21T02:07:33 PKT" skipped="0">
  <testcase classname="com.demo.testcases.LoginPageTest" name="validateLoginTitle" time="2.958"/>
  <system-out/>
  <testcase classname="com.demo.testcases.LoginPageTest" name="validateLogin" time="6.299"/>
  <system-out/>
</testsuite> <!-- com.demo.testcases.LoginPageTest -->
